<?xml version="1.0" encoding="UTF-8" ?>
<testsuite tests="5" failures="0" name="test.ljl.AppTest" time="0.025" errors="2" skipped="3">
  <properties>
    <property name="java.runtime.name" value="Java(TM) SE Runtime Environment"/>
    <property name="sun.boot.library.path" value="D:\Java\8\jdk1.8.0_111\jre\bin"/>
    <property name="java.vm.version" value="25.111-b14"/>
    <property name="java.vm.vendor" value="Oracle Corporation"/>
    <property name="maven.multiModuleProjectDirectory" value="D:\demo"/>
    <property name="java.vendor.url" value="http://java.oracle.com/"/>
    <property name="path.separator" value=";"/>
    <property name="guice.disable.misplaced.annotation.check" value="true"/>
    <property name="java.vm.name" value="Java HotSpot(TM) 64-Bit Server VM"/>
    <property name="file.encoding.pkg" value="sun.io"/>
    <property name="user.script" value=""/>
    <property name="user.country" value="CN"/>
    <property name="sun.java.launcher" value="SUN_STANDARD"/>
    <property name="sun.os.patch.level" value="Service Pack 1"/>
    <property name="java.vm.specification.name" value="Java Virtual Machine Specification"/>
    <property name="user.dir" value="D:\demo"/>
    <property name="java.runtime.version" value="1.8.0_111-b14"/>
    <property name="java.awt.graphicsenv" value="sun.awt.Win32GraphicsEnvironment"/>
    <property name="java.endorsed.dirs" value="D:\Java\8\jdk1.8.0_111\jre\lib\endorsed"/>
    <property name="os.arch" value="amd64"/>
    <property name="java.io.tmpdir" value="C:\Users\thinkpad\AppData\Local\Temp\"/>
    <property name="line.separator" value="
"/>
    <property name="java.vm.specification.vendor" value="Oracle Corporation"/>
    <property name="user.variant" value=""/>
    <property name="os.name" value="Windows 7"/>
    <property name="classworlds.conf" value="D:\ljl\.metadata\.plugins\org.eclipse.m2e.launching\launches\m2conf883390192534136835.tmp"/>
    <property name="sun.jnu.encoding" value="GBK"/>
    <property name="java.library.path" value="D:\Java\8\jdk1.8.0_111\bin;C:\Windows\Sun\Java\bin;C:\Windows\system32;C:\Windows;D:/Java/8/jdk1.8.0_111/bin/../jre/bin/server;D:/Java/8/jdk1.8.0_111/bin/../jre/bin;D:/Java/8/jdk1.8.0_111/bin/../jre/lib/amd64;D:\TSVN\bin;D:\Java\8\jdk1.8.0_111\bin;D:\Java\8\jdk1.8.0_111\jre\bin;C:\Windows\system32;C:\Windows;C:\Windows\System32\Wbem;C:\Windows\System32\WindowsPowerShell\v1.0\;C:\Program Files\Lenovo\Fingerprint Manager Pro\;C:\Program Files (x86)\NVIDIA Corporation\PhysX\Common;E:\UltraEdit;D:\Python27;D:\nodejs\;D:\apache-maven-3.3.9\bin;C:\strawberry\c\bin;C:\strawberry\perl\bin;D:\Python27\Scripts;E:\MySQL\MySQL Utilities 1.3.6\;D:\Git\cmd;E:\Microsoft Visual Studio\Common\Tools\WinNT;E:\Microsoft Visual Studio\Common\MSDev98\Bin;E:\Microsoft Visual Studio\Common\Tools;E:\Microsoft Visual Studio\VC98\bin;C:\Users\thinkpad\AppData\Roaming\npm;E:\eclipse-jee-neon-1a-win32-x86_64\eclipse;;."/>
    <property name="java.specification.name" value="Java Platform API Specification"/>
    <property name="java.class.version" value="52.0"/>
    <property name="sun.management.compiler" value="HotSpot 64-Bit Tiered Compilers"/>
    <property name="os.version" value="6.1"/>
    <property name="user.home" value="C:\Users\thinkpad"/>
    <property name="user.timezone" value="Asia/Shanghai"/>
    <property name="java.awt.printerjob" value="sun.awt.windows.WPrinterJob"/>
    <property name="java.specification.version" value="1.8"/>
    <property name="file.encoding" value="GBK"/>
    <property name="user.name" value="thinkpad"/>
    <property name="java.class.path" value="E:\apache-maven-3.3.9-bin\apache-maven-3.3.9\boot\plexus-classworlds-2.5.2.jar"/>
    <property name="java.vm.specification.version" value="1.8"/>
    <property name="sun.arch.data.model" value="64"/>
    <property name="java.home" value="D:\Java\8\jdk1.8.0_111\jre"/>
    <property name="sun.java.command" value="org.codehaus.plexus.classworlds.launcher.Launcher -B test"/>
    <property name="java.specification.vendor" value="Oracle Corporation"/>
    <property name="user.language" value="zh"/>
    <property name="awt.toolkit" value="sun.awt.windows.WToolkit"/>
    <property name="java.vm.info" value="mixed mode"/>
    <property name="java.version" value="1.8.0_111"/>
    <property name="java.ext.dirs" value="D:\Java\8\jdk1.8.0_111\jre\lib\ext;C:\Windows\Sun\Java\lib\ext"/>
    <property name="sun.boot.class.path" value="D:\Java\8\jdk1.8.0_111\jre\lib\resources.jar;D:\Java\8\jdk1.8.0_111\jre\lib\rt.jar;D:\Java\8\jdk1.8.0_111\jre\lib\sunrsasign.jar;D:\Java\8\jdk1.8.0_111\jre\lib\jsse.jar;D:\Java\8\jdk1.8.0_111\jre\lib\jce.jar;D:\Java\8\jdk1.8.0_111\jre\lib\charsets.jar;D:\Java\8\jdk1.8.0_111\jre\lib\jfr.jar;D:\Java\8\jdk1.8.0_111\jre\classes"/>
    <property name="java.vendor" value="Oracle Corporation"/>
    <property name="maven.home" value="E:\apache-maven-3.3.9-bin\apache-maven-3.3.9"/>
    <property name="file.separator" value="\"/>
    <property name="java.vendor.url.bug" value="http://bugreport.sun.com/bugreport/"/>
    <property name="sun.cpu.endian" value="little"/>
    <property name="sun.io.unicode.encoding" value="UnicodeLittle"/>
    <property name="sun.desktop" value="windows"/>
    <property name="sun.cpu.isalist" value="amd64"/>
  </properties>
  <testcase classname="Scenario: 在淘宝页面发送请求，返回结果" name="Given 当我访问淘宝官网" time="0.002">
    <error message="Cannot locate configuration source config.xml" type="org.apache.commons.configuration.ConfigurationException">org.apache.commons.configuration.ConfigurationException: Cannot locate configuration source config.xml
	at org.apache.commons.configuration.AbstractFileConfiguration.load(AbstractFileConfiguration.java:217)
	at org.apache.commons.configuration.AbstractFileConfiguration.load(AbstractFileConfiguration.java:197)
	at org.apache.commons.configuration.AbstractHierarchicalFileConfiguration.load(AbstractHierarchicalFileConfiguration.java:164)
	at org.apache.commons.configuration.AbstractHierarchicalFileConfiguration.&lt;init&gt;(AbstractHierarchicalFileConfiguration.java:91)
	at org.apache.commons.configuration.XMLConfiguration.&lt;init&gt;(XMLConfiguration.java:243)
	at test.ljl.DemoImplement.CurDriver(DemoImplement.java:28)
	at test.ljl.DemoImplement.total(DemoImplement.java:40)
	at ✽.Given 当我访问淘宝官网(todo.feature:18)
</error>
    <system-out>@search @all
Feature: 在电商首页测试搜索功能
</system-out>
  </testcase>
  <testcase classname="Scenario: 在淘宝页面发送请求，返回结果" name="Scenario: 在淘宝页面发送请求，返回结果" time="0.003">
    <error message="Cannot locate configuration source config.xml" type="org.apache.commons.configuration.ConfigurationException">org.apache.commons.configuration.ConfigurationException: Cannot locate configuration source config.xml
	at org.apache.commons.configuration.AbstractFileConfiguration.load(AbstractFileConfiguration.java:217)
	at org.apache.commons.configuration.AbstractFileConfiguration.load(AbstractFileConfiguration.java:197)
	at org.apache.commons.configuration.AbstractHierarchicalFileConfiguration.load(AbstractHierarchicalFileConfiguration.java:164)
	at org.apache.commons.configuration.AbstractHierarchicalFileConfiguration.&lt;init&gt;(AbstractHierarchicalFileConfiguration.java:91)
	at org.apache.commons.configuration.XMLConfiguration.&lt;init&gt;(XMLConfiguration.java:243)
	at test.ljl.DemoImplement.CurDriver(DemoImplement.java:28)
	at test.ljl.DemoImplement.total(DemoImplement.java:40)
	at ✽.Given 当我访问淘宝官网(todo.feature:18)
</error>
  </testcase>
  <testcase classname="Scenario: 在淘宝页面发送请求，返回结果" name="When 发送一个get请求" time="0.004">
    <skipped/>
  </testcase>
  <testcase classname="Scenario: 在淘宝页面发送请求，返回结果" name="Then 返回请求结果及其http code" time="0.004">
    <skipped/>
  </testcase>
  <testcase classname="Scenario: 在淘宝页面发送请求，返回结果" name="Scenario: 在淘宝页面发送请求，返回结果" time="0.012">
    <skipped/>
  </testcase>
</testsuite>